[2022-04-13 12:56:10] local.ERROR: No authenticated user with selected team present. {"exception":"[object] (Exception(code: 0): No authenticated user with selected team present. at C:\\Users\\swarajsalunke\\laravel\\tax\\Tax Documents\\vendor\\mpociot\\teamwork\\src\\Traits\\UsedByTeams.php:58)
[stacktrace]
#0 C:\\Users\\swarajsalunke\\laravel\\tax\\Tax Documents\\vendor\\mpociot\\teamwork\\src\\Traits\\UsedByTeams.php(21): App\\Models\\Team::teamGuard()
#1 C:\\Users\\swarajsalunke\\laravel\\tax\\Tax Documents\\vendor\\laravel\\framework\\src\\Illuminate\\Database\\Eloquent\\Builder.php(1165): App\\Models\\Team::Mpociot\\Teamwork\\Traits\\{closure}(Object(Illuminate\\Database\\Eloquent\\Builder))
#2 C:\\Users\\swarajsalunke\\laravel\\tax\\Tax Documents\\vendor\\laravel\\framework\\src\\Illuminate\\Database\\Eloquent\\Builder.php(1199): Illuminate\\Database\\Eloquent\\Builder->Illuminate\\Database\\Eloquent\\{closure}(Object(Illuminate\\Database\\Eloquent\\Builder))
#3 C:\\Users\\swarajsalunke\\laravel\\tax\\Tax Documents\\vendor\\laravel\\framework\\src\\Illuminate\\Database\\Eloquent\\Builder.php(1174): Illuminate\\Database\\Eloquent\\Builder->callScope(Object(Closure))
#4 C:\\Users\\swarajsalunke\\laravel\\tax\\Tax Documents\\vendor\\laravel\\framework\\src\\Illuminate\\Database\\Eloquent\\Builder.php(1473): Illuminate\\Database\\Eloquent\\Builder->applyScopes()
#5 C:\\Users\\swarajsalunke\\laravel\\tax\\Tax Documents\\vendor\\laravel\\framework\\src\\Illuminate\\Database\\Eloquent\\Builder.php(1657): Illuminate\\Database\\Eloquent\\Builder->toBase()
#6 C:\\Users\\swarajsalunke\\laravel\\tax\\Tax Documents\\vendor\\laravel\\framework\\src\\Illuminate\\Support\\Traits\\ForwardsCalls.php(23): Illuminate\\Database\\Eloquent\\Builder->__call('insert', Array)
#7 C:\\Users\\swarajsalunke\\laravel\\tax\\Tax Documents\\vendor\\laravel\\framework\\src\\Illuminate\\Database\\Eloquent\\Model.php(2132): Illuminate\\Database\\Eloquent\\Model->forwardCallTo(Object(Illuminate\\Database\\Eloquent\\Builder), 'insert', Array)
#8 C:\\Users\\swarajsalunke\\laravel\\tax\\Tax Documents\\vendor\\laravel\\framework\\src\\Illuminate\\Database\\Eloquent\\Model.php(2144): Illuminate\\Database\\Eloquent\\Model->__call('insert', Array)
#9 C:\\Users\\swarajsalunke\\laravel\\tax\\Tax Documents\\database\\seeders\\TeamSeeder.php(71): Illuminate\\Database\\Eloquent\\Model::__callStatic('insert', Array)
#10 C:\\Users\\swarajsalunke\\laravel\\tax\\Tax Documents\\vendor\\laravel\\framework\\src\\Illuminate\\Container\\BoundMethod.php(36): Database\\Seeders\\TeamSeeder->run()
#11 C:\\Users\\swarajsalunke\\laravel\\tax\\Tax Documents\\vendor\\laravel\\framework\\src\\Illuminate\\Container\\Util.php(40): Illuminate\\Container\\BoundMethod::Illuminate\\Container\\{closure}()
#12 C:\\Users\\swarajsalunke\\laravel\\tax\\Tax Documents\\vendor\\laravel\\framework\\src\\Illuminate\\Container\\BoundMethod.php(93): Illuminate\\Container\\Util::unwrapIfClosure(Object(Closure))
#13 C:\\Users\\swarajsalunke\\laravel\\tax\\Tax Documents\\vendor\\laravel\\framework\\src\\Illuminate\\Container\\BoundMethod.php(37): Illuminate\\Container\\BoundMethod::callBoundMethod(Object(Illuminate\\Foundation\\Application), Array, Object(Closure))
#14 C:\\Users\\swarajsalunke\\laravel\\tax\\Tax Documents\\vendor\\laravel\\framework\\src\\Illuminate\\Container\\Container.php(653): Illuminate\\Container\\BoundMethod::call(Object(Illuminate\\Foundation\\Application), Array, Array, NULL)
#15 C:\\Users\\swarajsalunke\\laravel\\tax\\Tax Documents\\vendor\\laravel\\framework\\src\\Illuminate\\Database\\Seeder.php(149): Illuminate\\Container\\Container->call(Array, Array)
#16 C:\\Users\\swarajsalunke\\laravel\\tax\\Tax Documents\\vendor\\laravel\\framework\\src\\Illuminate\\Database\\Seeder.php(49): Illuminate\\Database\\Seeder->__invoke(Array)
#17 C:\\Users\\swarajsalunke\\laravel\\tax\\Tax Documents\\database\\seeders\\DatabaseSeeder.php(18): Illuminate\\Database\\Seeder->call('Database\\\\Seeder...')
#18 C:\\Users\\swarajsalunke\\laravel\\tax\\Tax Documents\\vendor\\laravel\\framework\\src\\Illuminate\\Container\\BoundMethod.php(36): Database\\Seeders\\DatabaseSeeder->run()
#19 C:\\Users\\swarajsalunke\\laravel\\tax\\Tax Documents\\vendor\\laravel\\framework\\src\\Illuminate\\Container\\Util.php(40): Illuminate\\Container\\BoundMethod::Illuminate\\Container\\{closure}()
#20 C:\\Users\\swarajsalunke\\laravel\\tax\\Tax Documents\\vendor\\laravel\\framework\\src\\Illuminate\\Container\\BoundMethod.php(93): Illuminate\\Container\\Util::unwrapIfClosure(Object(Closure))
#21 C:\\Users\\swarajsalunke\\laravel\\tax\\Tax Documents\\vendor\\laravel\\framework\\src\\Illuminate\\Container\\BoundMethod.php(37): Illuminate\\Container\\BoundMethod::callBoundMethod(Object(Illuminate\\Foundation\\Application), Array, Object(Closure))
#22 C:\\Users\\swarajsalunke\\laravel\\tax\\Tax Documents\\vendor\\laravel\\framework\\src\\Illuminate\\Container\\Container.php(653): Illuminate\\Container\\BoundMethod::call(Object(Illuminate\\Foundation\\Application), Array, Array, NULL)
#23 C:\\Users\\swarajsalunke\\laravel\\tax\\Tax Documents\\vendor\\laravel\\framework\\src\\Illuminate\\Database\\Seeder.php(149): Illuminate\\Container\\Container->call(Array, Array)
#24 C:\\Users\\swarajsalunke\\laravel\\tax\\Tax Documents\\vendor\\laravel\\framework\\src\\Illuminate\\Database\\Console\\Seeds\\SeedCommand.php(66): Illuminate\\Database\\Seeder->__invoke()
#25 C:\\Users\\swarajsalunke\\laravel\\tax\\Tax Documents\\vendor\\laravel\\framework\\src\\Illuminate\\Database\\Eloquent\\Concerns\\GuardsAttributes.php(157): Illuminate\\Database\\Console\\Seeds\\SeedCommand->Illuminate\\Database\\Console\\Seeds\\{closure}()
#26 C:\\Users\\swarajsalunke\\laravel\\tax\\Tax Documents\\vendor\\laravel\\framework\\src\\Illuminate\\Database\\Console\\Seeds\\SeedCommand.php(67): Illuminate\\Database\\Eloquent\\Model::unguarded(Object(Closure))
#27 C:\\Users\\swarajsalunke\\laravel\\tax\\Tax Documents\\vendor\\laravel\\framework\\src\\Illuminate\\Container\\BoundMethod.php(36): Illuminate\\Database\\Console\\Seeds\\SeedCommand->handle()
#28 C:\\Users\\swarajsalunke\\laravel\\tax\\Tax Documents\\vendor\\laravel\\framework\\src\\Illuminate\\Container\\Util.php(40): Illuminate\\Container\\BoundMethod::Illuminate\\Container\\{closure}()
#29 C:\\Users\\swarajsalunke\\laravel\\tax\\Tax Documents\\vendor\\laravel\\framework\\src\\Illuminate\\Container\\BoundMethod.php(93): Illuminate\\Container\\Util::unwrapIfClosure(Object(Closure))
#30 C:\\Users\\swarajsalunke\\laravel\\tax\\Tax Documents\\vendor\\laravel\\framework\\src\\Illuminate\\Container\\BoundMethod.php(37): Illuminate\\Container\\BoundMethod::callBoundMethod(Object(Illuminate\\Foundation\\Application), Array, Object(Closure))
#31 C:\\Users\\swarajsalunke\\laravel\\tax\\Tax Documents\\vendor\\laravel\\framework\\src\\Illuminate\\Container\\Container.php(653): Illuminate\\Container\\BoundMethod::call(Object(Illuminate\\Foundation\\Application), Array, Array, NULL)
#32 C:\\Users\\swarajsalunke\\laravel\\tax\\Tax Documents\\vendor\\laravel\\framework\\src\\Illuminate\\Console\\Command.php(136): Illuminate\\Container\\Container->call(Array)
#33 C:\\Users\\swarajsalunke\\laravel\\tax\\Tax Documents\\vendor\\symfony\\console\\Command\\Command.php(298): Illuminate\\Console\\Command->execute(Object(Symfony\\Component\\Console\\Input\\ArrayInput), Object(Illuminate\\Console\\OutputStyle))
#34 C:\\Users\\swarajsalunke\\laravel\\tax\\Tax Documents\\vendor\\laravel\\framework\\src\\Illuminate\\Console\\Command.php(121): Symfony\\Component\\Console\\Command\\Command->run(Object(Symfony\\Component\\Console\\Input\\ArrayInput), Object(Illuminate\\Console\\OutputStyle))
#35 C:\\Users\\swarajsalunke\\laravel\\tax\\Tax Documents\\vendor\\laravel\\framework\\src\\Illuminate\\Console\\Concerns\\CallsCommands.php(68): Illuminate\\Console\\Command->run(Object(Symfony\\Component\\Console\\Input\\ArrayInput), Object(Illuminate\\Console\\OutputStyle))
#36 C:\\Users\\swarajsalunke\\laravel\\tax\\Tax Documents\\vendor\\laravel\\framework\\src\\Illuminate\\Console\\Concerns\\CallsCommands.php(28): Illuminate\\Console\\Command->runCommand('db:seed', Array, Object(Illuminate\\Console\\OutputStyle))
#37 C:\\Users\\swarajsalunke\\laravel\\tax\\Tax Documents\\vendor\\laravel\\framework\\src\\Illuminate\\Database\\Console\\Migrations\\FreshCommand.php(90): Illuminate\\Console\\Command->call('db:seed', Array)
#38 C:\\Users\\swarajsalunke\\laravel\\tax\\Tax Documents\\vendor\\laravel\\framework\\src\\Illuminate\\Database\\Console\\Migrations\\FreshCommand.php(65): Illuminate\\Database\\Console\\Migrations\\FreshCommand->runSeeder(NULL)
#39 C:\\Users\\swarajsalunke\\laravel\\tax\\Tax Documents\\vendor\\laravel\\framework\\src\\Illuminate\\Container\\BoundMethod.php(36): Illuminate\\Database\\Console\\Migrations\\FreshCommand->handle()
#40 C:\\Users\\swarajsalunke\\laravel\\tax\\Tax Documents\\vendor\\laravel\\framework\\src\\Illuminate\\Container\\Util.php(40): Illuminate\\Container\\BoundMethod::Illuminate\\Container\\{closure}()
#41 C:\\Users\\swarajsalunke\\laravel\\tax\\Tax Documents\\vendor\\laravel\\framework\\src\\Illuminate\\Container\\BoundMethod.php(93): Illuminate\\Container\\Util::unwrapIfClosure(Object(Closure))
#42 C:\\Users\\swarajsalunke\\laravel\\tax\\Tax Documents\\vendor\\laravel\\framework\\src\\Illuminate\\Container\\BoundMethod.php(37): Illuminate\\Container\\BoundMethod::callBoundMethod(Object(Illuminate\\Foundation\\Application), Array, Object(Closure))
#43 C:\\Users\\swarajsalunke\\laravel\\tax\\Tax Documents\\vendor\\laravel\\framework\\src\\Illuminate\\Container\\Container.php(653): Illuminate\\Container\\BoundMethod::call(Object(Illuminate\\Foundation\\Application), Array, Array, NULL)
#44 C:\\Users\\swarajsalunke\\laravel\\tax\\Tax Documents\\vendor\\laravel\\framework\\src\\Illuminate\\Console\\Command.php(136): Illuminate\\Container\\Container->call(Array)
#45 C:\\Users\\swarajsalunke\\laravel\\tax\\Tax Documents\\vendor\\symfony\\console\\Command\\Command.php(298): Illuminate\\Console\\Command->execute(Object(Symfony\\Component\\Console\\Input\\ArgvInput), Object(Illuminate\\Console\\OutputStyle))
#46 C:\\Users\\swarajsalunke\\laravel\\tax\\Tax Documents\\vendor\\laravel\\framework\\src\\Illuminate\\Console\\Command.php(121): Symfony\\Component\\Console\\Command\\Command->run(Object(Symfony\\Component\\Console\\Input\\ArgvInput), Object(Illuminate\\Console\\OutputStyle))
#47 C:\\Users\\swarajsalunke\\laravel\\tax\\Tax Documents\\vendor\\symfony\\console\\Application.php(1015): Illuminate\\Console\\Command->run(Object(Symfony\\Component\\Console\\Input\\ArgvInput), Object(Symfony\\Component\\Console\\Output\\ConsoleOutput))
#48 C:\\Users\\swarajsalunke\\laravel\\tax\\Tax Documents\\vendor\\symfony\\console\\Application.php(299): Symfony\\Component\\Console\\Application->doRunCommand(Object(Illuminate\\Database\\Console\\Migrations\\FreshCommand), Object(Symfony\\Component\\Console\\Input\\ArgvInput), Object(Symfony\\Component\\Console\\Output\\ConsoleOutput))
#49 C:\\Users\\swarajsalunke\\laravel\\tax\\Tax Documents\\vendor\\symfony\\console\\Application.php(171): Symfony\\Component\\Console\\Application->doRun(Object(Symfony\\Component\\Console\\Input\\ArgvInput), Object(Symfony\\Component\\Console\\Output\\ConsoleOutput))
#50 C:\\Users\\swarajsalunke\\laravel\\tax\\Tax Documents\\vendor\\laravel\\framework\\src\\Illuminate\\Console\\Application.php(94): Symfony\\Component\\Console\\Application->run(Object(Symfony\\Component\\Console\\Input\\ArgvInput), Object(Symfony\\Component\\Console\\Output\\ConsoleOutput))
#51 C:\\Users\\swarajsalunke\\laravel\\tax\\Tax Documents\\vendor\\laravel\\framework\\src\\Illuminate\\Foundation\\Console\\Kernel.php(129): Illuminate\\Console\\Application->run(Object(Symfony\\Component\\Console\\Input\\ArgvInput), Object(Symfony\\Component\\Console\\Output\\ConsoleOutput))
#52 C:\\Users\\swarajsalunke\\laravel\\tax\\Tax Documents\\artisan(37): Illuminate\\Foundation\\Console\\Kernel->handle(Object(Symfony\\Component\\Console\\Input\\ArgvInput), Object(Symfony\\Component\\Console\\Output\\ConsoleOutput))
#53 {main}
"} 
